This file contains any messages produced by compilers while
running configure, to aid debugging if configure makes a mistake.

It was created by opentsdb configure 2.4.0, which was
generated by GNU Autoconf 2.69.  Invocation command line was

  $ ../configure pom.xml

## --------- ##
## Platform. ##
## --------- ##

hostname = e5fc71185d4c
uname -m = x86_64
uname -r = 4.9.125-linuxkit
uname -s = Linux
uname -v = #1 SMP Fri Sep 7 08:20:28 UTC 2018

/usr/bin/uname -p = x86_64
/bin/uname -X     = unknown

/bin/arch              = x86_64
/usr/bin/arch -k       = unknown
/usr/convex/getsysinfo = unknown
/usr/bin/hostinfo      = unknown
/bin/machine           = unknown
/usr/bin/oslevel       = unknown
/bin/universe          = unknown

PATH: /usr/local/sbin
PATH: /usr/local/bin
PATH: /usr/sbin
PATH: /usr/bin
PATH: /root/bin


## ----------- ##
## Core tests. ##
## ----------- ##

configure:1773: checking for a BSD-compatible install
configure:1841: result: /usr/bin/install -c
configure:1852: checking whether build environment is sane
configure:1907: result: yes
configure:2058: checking for a thread-safe mkdir -p
configure:2097: result: /usr/bin/mkdir -p
configure:2104: checking for gawk
configure:2120: found /usr/bin/gawk
configure:2131: result: gawk
configure:2142: checking whether make sets $(MAKE)
configure:2164: result: yes
configure:2193: checking whether make supports nested variables
configure:2210: result: yes
configure:2366: checking for md5sum
configure:2384: found /usr/bin/md5sum
configure:2396: result: /usr/bin/md5sum
configure:2418: checking for java
configure:2436: found /usr/bin/java
configure:2448: result: /usr/bin/java
configure:2467: checking for javac
configure:2485: found /usr/bin/javac
configure:2497: result: /usr/bin/javac
configure:2516: checking for jar
configure:2534: found /usr/bin/jar
configure:2546: result: /usr/bin/jar
configure:2567: checking for true
configure:2585: found /usr/bin/true
configure:2597: result: /usr/bin/true
configure:2614: checking for javadoc
configure:2632: found /usr/bin/javadoc
configure:2644: result: /usr/bin/javadoc
configure:2659: checking for wget
configure:2677: found /usr/bin/wget
configure:2689: result: /usr/bin/wget
configure:2699: checking for curl
configure:2717: found /usr/bin/curl
configure:2729: result: /usr/bin/curl
configure:2890: checking that generated files are newer than configure
configure:2896: result: done
configure:2920: creating ./config.status

## ---------------------- ##
## Running config.status. ##
## ---------------------- ##

This file was extended by opentsdb config.status 2.4.0, which was
generated by GNU Autoconf 2.69.  Invocation command line was

  CONFIG_FILES    = 
  CONFIG_HEADERS  = 
  CONFIG_LINKS    = 
  CONFIG_COMMANDS = 
  $ ./config.status 

on e5fc71185d4c

config.status:757: creating Makefile
config.status:757: creating opentsdb.spec
config.status:757: creating build-aux/fetchdep.sh

## ---------------- ##
## Cache variables. ##
## ---------------- ##

ac_cv_env_build_alias_set=set
ac_cv_env_build_alias_value=pom.xml
ac_cv_env_host_alias_set=set
ac_cv_env_host_alias_value=pom.xml
ac_cv_env_target_alias_set=set
ac_cv_env_target_alias_value=pom.xml
ac_cv_path_CURL=/usr/bin/curl
ac_cv_path_GNUPLOT=/usr/bin/true
ac_cv_path_JAR=/usr/bin/jar
ac_cv_path_JAVA=/usr/bin/java
ac_cv_path_JAVAC=/usr/bin/javac
ac_cv_path_JAVADOC=/usr/bin/javadoc
ac_cv_path_MD5=/usr/bin/md5sum
ac_cv_path_WGET=/usr/bin/wget
ac_cv_path_install='/usr/bin/install -c'
ac_cv_path_mkdir=/usr/bin/mkdir
ac_cv_prog_AWK=gawk
ac_cv_prog_make_make_set=yes
am_cv_make_support_nested_variables=yes

## ----------------- ##
## Output variables. ##
## ----------------- ##

ACLOCAL='${SHELL} /root/opentsdb-2.4.0/build-aux/missing aclocal-1.13'
AMTAR='$${TAR-tar}'
AM_BACKSLASH='\'
AM_DEFAULT_V='$(AM_DEFAULT_VERBOSITY)'
AM_DEFAULT_VERBOSITY='1'
AM_V='$(V)'
AUTOCONF='${SHELL} /root/opentsdb-2.4.0/build-aux/missing autoconf'
AUTOHEADER='${SHELL} /root/opentsdb-2.4.0/build-aux/missing autoheader'
AUTOMAKE='${SHELL} /root/opentsdb-2.4.0/build-aux/missing automake-1.13'
AWK='gawk'
BIGTABLE_FALSE=''
BIGTABLE_TRUE='#'
CASSANDRA_FALSE=''
CASSANDRA_TRUE='#'
CURL='/usr/bin/curl'
CYGPATH_W='echo'
DEFS='-DPACKAGE_NAME=\"opentsdb\" -DPACKAGE_TARNAME=\"opentsdb\" -DPACKAGE_VERSION=\"2.4.0\" -DPACKAGE_STRING=\"opentsdb\ 2.4.0\" -DPACKAGE_BUGREPORT=\"opentsdb@googlegroups.com\" -DPACKAGE_URL=\"\" -DPACKAGE=\"opentsdb\" -DVERSION=\"2.4.0\"'
ECHO_C=''
ECHO_N='-n'
ECHO_T=''
GNUPLOT='/usr/bin/true'
INSTALL_DATA='${INSTALL} -m 644'
INSTALL_PROGRAM='${INSTALL}'
INSTALL_SCRIPT='${INSTALL}'
INSTALL_STRIP_PROGRAM='$(install_sh) -c -s'
JAR='/usr/bin/jar'
JAVA='/usr/bin/java'
JAVAC='/usr/bin/javac'
JAVADOC='/usr/bin/javadoc'
LIBOBJS=''
LIBS=''
LTLIBOBJS=''
MAKEINFO='${SHELL} /root/opentsdb-2.4.0/build-aux/missing makeinfo'
MD5='/usr/bin/md5sum'
MKDIR_P='/usr/bin/mkdir -p'
PACKAGE='opentsdb'
PACKAGE_BUGREPORT='opentsdb@googlegroups.com'
PACKAGE_NAME='opentsdb'
PACKAGE_STRING='opentsdb 2.4.0'
PACKAGE_TARNAME='opentsdb'
PACKAGE_URL=''
PACKAGE_VERSION='2.4.0'
PATH_SEPARATOR=':'
SET_MAKE=''
SHELL='/bin/sh'
STRIP=''
VERSION='2.4.0'
WGET='/usr/bin/wget'
am__isrc=' -I$(srcdir)'
am__leading_dot='.'
am__tar='$${TAR-tar} chof - "$$tardir"'
am__untar='$${TAR-tar} xf -'
bindir='${exec_prefix}/bin'
build_alias='pom.xml'
datadir='${datarootdir}'
datarootdir='${prefix}/share'
docdir='${datarootdir}/doc/${PACKAGE_TARNAME}'
dvidir='${docdir}'
exec_prefix='${prefix}'
host_alias='pom.xml'
htmldir='${docdir}'
includedir='${prefix}/include'
infodir='${datarootdir}/info'
install_sh='${SHELL} /root/opentsdb-2.4.0/build-aux/install-sh'
libdir='${exec_prefix}/lib'
libexecdir='${exec_prefix}/libexec'
localedir='${datarootdir}/locale'
localstatedir='${prefix}/var'
mandir='${datarootdir}/man'
mkdir_p='$(MKDIR_P)'
oldincludedir='/usr/include'
pdfdir='${docdir}'
prefix='/usr/local'
program_transform_name='s,x,x,'
psdir='${docdir}'
sbindir='${exec_prefix}/sbin'
sharedstatedir='${prefix}/com'
staticdir='${pkgdatadir}/static'
sysconfdir='${prefix}/etc'
target_alias='pom.xml'

## ----------- ##
## confdefs.h. ##
## ----------- ##

/* confdefs.h */
#define PACKAGE_NAME "opentsdb"
#define PACKAGE_TARNAME "opentsdb"
#define PACKAGE_VERSION "2.4.0"
#define PACKAGE_STRING "opentsdb 2.4.0"
#define PACKAGE_BUGREPORT "opentsdb@googlegroups.com"
#define PACKAGE_URL ""
#define PACKAGE "opentsdb"
#define VERSION "2.4.0"

configure: exit 0
